2012-09-04 18:04:03 Error: [MissingControllerException] Controller class CssController could not be found.
#0 /Applications/MAMP/htdocs/cakeStrap/app/webroot/index.php(92): Dispatcher->dispatch(Object(CakeRequest), Object(CakeResponse))
#1 {main}
2012-09-04 18:22:02 Error: [MissingControllerException] Controller class CssController could not be found.
#0 /Applications/MAMP/htdocs/cakeStrap/app/webroot/index.php(92): Dispatcher->dispatch(Object(CakeRequest), Object(CakeResponse))
#1 {main}
2012-09-04 18:35:02 Error: Fatal Error (4): syntax error, unexpected ')', expecting ',' or ';' in [/Applications/MAMP/htdocs/cakeStrap/app/View/Layouts/default.ctp, line 21]
2012-09-04 18:35:02 Error: [FatalErrorException] syntax error, unexpected ')', expecting ',' or ';'
#0 /Applications/MAMP/htdocs/cakeStrap/lib/Cake/Error/ErrorHandler.php(162): ErrorHandler::handleFatalError(4, 'syntax error, u...', '/Applications/M...', 21)
#1 [internal function]: ErrorHandler::handleError(4, 'syntax error, u...', '/Applications/M...', 21, Array)
#2 /Applications/MAMP/htdocs/cakeStrap/lib/Cake/Core/App.php(926): call_user_func('ErrorHandler::h...', 4, 'syntax error, u...', '/Applications/M...', 21, Array)
#3 /Applications/MAMP/htdocs/cakeStrap/lib/Cake/Core/App.php(899): App::_checkFatalError()
#4 [internal function]: App::shutdown()
#5 {main}
2012-10-31 17:03:19 Error: Fatal Error (4): syntax error, unexpected 'new' (T_NEW) in [C:\xampp\htdocs\caketeste\app\Model\User.php, line 8]
2012-10-31 17:03:19 Error: [FatalErrorException] syntax error, unexpected 'new' (T_NEW)
#0 C:\xampp\htdocs\caketeste\lib\Cake\Error\ErrorHandler.php(162): ErrorHandler::handleFatalError(4, 'syntax error, u...', 'C:\xampp\htdocs...', 8)
#1 [internal function]: ErrorHandler::handleError(4, 'syntax error, u...', 'C:\xampp\htdocs...', 8, Array)
#2 C:\xampp\htdocs\caketeste\lib\Cake\Core\App.php(926): call_user_func('ErrorHandler::h...', 4, 'syntax error, u...', 'C:\xampp\htdocs...', 8, Array)
#3 C:\xampp\htdocs\caketeste\lib\Cake\Core\App.php(899): App::_checkFatalError()
#4 [internal function]: App::shutdown()
#5 {main}
2012-10-31 17:05:50 Error: Fatal Error (4): syntax error, unexpected ')', expecting '(' in [C:\xampp\htdocs\caketeste\app\Model\User.php, line 8]
2012-10-31 17:05:50 Error: [FatalErrorException] syntax error, unexpected ')', expecting '('
#0 C:\xampp\htdocs\caketeste\lib\Cake\Error\ErrorHandler.php(162): ErrorHandler::handleFatalError(4, 'syntax error, u...', 'C:\xampp\htdocs...', 8)
#1 [internal function]: ErrorHandler::handleError(4, 'syntax error, u...', 'C:\xampp\htdocs...', 8, Array)
#2 C:\xampp\htdocs\caketeste\lib\Cake\Core\App.php(926): call_user_func('ErrorHandler::h...', 4, 'syntax error, u...', 'C:\xampp\htdocs...', 8, Array)
#3 C:\xampp\htdocs\caketeste\lib\Cake\Core\App.php(899): App::_checkFatalError()
#4 [internal function]: App::shutdown()
#5 {main}
2012-10-31 17:41:23 Error: [MissingViewException] View file "C:\xampp\htdocs\caketeste\app\View\Pages\display.ctp" is missing.
#0 C:\xampp\htdocs\caketeste\lib\Cake\View\View.php(472): View->_getViewFileName(NULL)
#1 C:\xampp\htdocs\caketeste\lib\Cake\Controller\Controller.php(957): View->render(NULL, NULL)
#2 C:\xampp\htdocs\caketeste\lib\Cake\Routing\Dispatcher.php(193): Controller->render()
#3 C:\xampp\htdocs\caketeste\lib\Cake\Routing\Dispatcher.php(161): Dispatcher->_invoke(Object(PagesController), Object(CakeRequest), Object(CakeResponse))
#4 C:\xampp\htdocs\caketeste\app\webroot\index.php(92): Dispatcher->dispatch(Object(CakeRequest), Object(CakeResponse))
#5 {main}
2012-10-31 18:51:48 Error: [MissingViewException] View file "C:\xampp\htdocs\caketeste\app\View\Posts\view.ctp" is missing.
#0 C:\xampp\htdocs\caketeste\lib\Cake\View\View.php(472): View->_getViewFileName(NULL)
#1 C:\xampp\htdocs\caketeste\lib\Cake\Controller\Controller.php(957): View->render(NULL, NULL)
#2 C:\xampp\htdocs\caketeste\lib\Cake\Routing\Dispatcher.php(193): Controller->render()
#3 C:\xampp\htdocs\caketeste\lib\Cake\Routing\Dispatcher.php(161): Dispatcher->_invoke(Object(PostsController), Object(CakeRequest), Object(CakeResponse))
#4 C:\xampp\htdocs\caketeste\app\webroot\index.php(92): Dispatcher->dispatch(Object(CakeRequest), Object(CakeResponse))
#5 {main}
2012-11-14 17:53:40 Error: [MissingViewException] View file "C:\xampp\htdocs\caketeste\app\View\Posts\add.ctp" is missing.
#0 C:\xampp\htdocs\caketeste\lib\Cake\View\View.php(472): View->_getViewFileName(NULL)
#1 C:\xampp\htdocs\caketeste\lib\Cake\Controller\Controller.php(957): View->render(NULL, NULL)
#2 C:\xampp\htdocs\caketeste\lib\Cake\Routing\Dispatcher.php(193): Controller->render()
#3 C:\xampp\htdocs\caketeste\lib\Cake\Routing\Dispatcher.php(161): Dispatcher->_invoke(Object(PostsController), Object(CakeRequest), Object(CakeResponse))
#4 C:\xampp\htdocs\caketeste\app\webroot\index.php(92): Dispatcher->dispatch(Object(CakeRequest), Object(CakeResponse))
#5 {main}
2012-11-14 18:17:24 Error: Fatal Error (4): syntax error, unexpected '<' in [C:\xampp\htdocs\caketeste\app\View\Posts\index.ctp, line 5]
2012-11-14 18:17:25 Error: [FatalErrorException] syntax error, unexpected '<'
#0 C:\xampp\htdocs\caketeste\lib\Cake\Error\ErrorHandler.php(162): ErrorHandler::handleFatalError(4, 'syntax error, u...', 'C:\xampp\htdocs...', 5)
#1 [internal function]: ErrorHandler::handleError(4, 'syntax error, u...', 'C:\xampp\htdocs...', 5, Array)
#2 C:\xampp\htdocs\caketeste\lib\Cake\Core\App.php(926): call_user_func('ErrorHandler::h...', 4, 'syntax error, u...', 'C:\xampp\htdocs...', 5, Array)
#3 C:\xampp\htdocs\caketeste\lib\Cake\Core\App.php(899): App::_checkFatalError()
#4 [internal function]: App::shutdown()
#5 {main}
2012-11-27 21:24:31 Error: [MissingConnectionException] Database connection "SQLSTATE[28000] [1045] Access denied for user 'root'@'localhost' (using password: NO)" is missing, or could not be created.
#0 /Users/tiagolink/Sites/mamp/tiagolink/blog/lib/Cake/Model/Datasource/DboSource.php(260): Mysql->connect()
#1 /Users/tiagolink/Sites/mamp/tiagolink/blog/lib/Cake/Model/ConnectionManager.php(101): DboSource->__construct(Array)
#2 /Users/tiagolink/Sites/mamp/tiagolink/blog/lib/Cake/Model/Model.php(3158): ConnectionManager::getDataSource('default')
#3 /Users/tiagolink/Sites/mamp/tiagolink/blog/lib/Cake/Model/Model.php(1092): Model->setDataSource('default')
#4 /Users/tiagolink/Sites/mamp/tiagolink/blog/lib/Cake/Model/Model.php(3180): Model->setSource('users')
#5 /Users/tiagolink/Sites/mamp/tiagolink/blog/lib/Cake/Model/Model.php(1301): Model->getDataSource()
#6 /Users/tiagolink/Sites/mamp/tiagolink/blog/lib/Cake/View/Helper/FormHelper.php(197): Model->schema()
#7 /Users/tiagolink/Sites/mamp/tiagolink/blog/lib/Cake/View/Helper/FormHelper.php(436): FormHelper->_introspectModel('User', 'fields')
#8 /Users/tiagolink/Sites/mamp/tiagolink/blog/app/View/Elements/form_login.ctp(19): FormHelper->create('User', Array)
#9 /Users/tiagolink/Sites/mamp/tiagolink/blog/lib/Cake/View/View.php(920): include('/Users/tiagolin...')
#10 /Users/tiagolink/Sites/mamp/tiagolink/blog/lib/Cake/View/View.php(883): View->_evaluate('/Users/tiagolin...', Array)
#11 /Users/tiagolink/Sites/mamp/tiagolink/blog/lib/Cake/View/View.php(424): View->_render('/Users/tiagolin...', Array)
#12 /Users/tiagolink/Sites/mamp/tiagolink/blog/app/View/Pages/home.ctp(65): View->element('form_login')
#13 /Users/tiagolink/Sites/mamp/tiagolink/blog/lib/Cake/View/View.php(920): include('/Users/tiagolin...')
#14 /Users/tiagolink/Sites/mamp/tiagolink/blog/lib/Cake/View/View.php(883): View->_evaluate('/Users/tiagolin...', Array)
#15 /Users/tiagolink/Sites/mamp/tiagolink/blog/lib/Cake/View/View.php(475): View->_render('/Users/tiagolin...')
#16 /Users/tiagolink/Sites/mamp/tiagolink/blog/lib/Cake/Controller/Controller.php(957): View->render(NULL, NULL)
#17 /Users/tiagolink/Sites/mamp/tiagolink/blog/lib/Cake/Routing/Dispatcher.php(193): Controller->render()
#18 /Users/tiagolink/Sites/mamp/tiagolink/blog/lib/Cake/Routing/Dispatcher.php(161): Dispatcher->_invoke(Object(PagesController), Object(CakeRequest), Object(CakeResponse))
#19 /Users/tiagolink/Sites/mamp/tiagolink/blog/app/webroot/index.php(92): Dispatcher->dispatch(Object(CakeRequest), Object(CakeResponse))
#20 {main}
2012-11-27 21:24:34 Error: [MissingControllerException] Controller class JsController could not be found.
#0 /Users/tiagolink/Sites/mamp/tiagolink/blog/app/webroot/index.php(92): Dispatcher->dispatch(Object(CakeRequest), Object(CakeResponse))
#1 {main}
2012-11-27 21:24:50 Error: [MissingControllerException] Controller class JsController could not be found.
#0 /Users/tiagolink/Sites/mamp/tiagolink/blog/app/webroot/index.php(92): Dispatcher->dispatch(Object(CakeRequest), Object(CakeResponse))
#1 {main}
2012-11-27 21:25:03 Error: [MissingControllerException] Controller class JsController could not be found.
#0 /Users/tiagolink/Sites/mamp/tiagolink/blog/app/webroot/index.php(92): Dispatcher->dispatch(Object(CakeRequest), Object(CakeResponse))
#1 {main}
2012-11-27 21:25:11 Error: [MissingControllerException] Controller class JsController could not be found.
#0 /Users/tiagolink/Sites/mamp/tiagolink/blog/app/webroot/index.php(92): Dispatcher->dispatch(Object(CakeRequest), Object(CakeResponse))
#1 {main}
2012-11-27 21:25:16 Error: [MissingControllerException] Controller class JsController could not be found.
#0 /Users/tiagolink/Sites/mamp/tiagolink/blog/app/webroot/index.php(92): Dispatcher->dispatch(Object(CakeRequest), Object(CakeResponse))
#1 {main}
2012-11-27 21:25:35 Error: [MissingControllerException] Controller class JsController could not be found.
#0 /Users/tiagolink/Sites/mamp/tiagolink/blog/app/webroot/index.php(92): Dispatcher->dispatch(Object(CakeRequest), Object(CakeResponse))
#1 {main}
2012-11-27 21:26:49 Error: [MissingControllerException] Controller class JsController could not be found.
#0 /Users/tiagolink/Sites/mamp/tiagolink/blog/app/webroot/index.php(92): Dispatcher->dispatch(Object(CakeRequest), Object(CakeResponse))
#1 {main}
2012-11-27 21:27:06 Error: [MissingControllerException] Controller class PostsController could not be found.
#0 /Users/tiagolink/Sites/mamp/tiagolink/blog/app/webroot/index.php(92): Dispatcher->dispatch(Object(CakeRequest), Object(CakeResponse))
#1 {main}
2012-11-27 21:27:40 Error: [MissingControllerException] Controller class JsController could not be found.
#0 /Users/tiagolink/Sites/mamp/tiagolink/blog/app/webroot/index.php(92): Dispatcher->dispatch(Object(CakeRequest), Object(CakeResponse))
#1 {main}
2012-11-27 21:27:48 Error: [MissingControllerException] Controller class JsController could not be found.
#0 /Users/tiagolink/Sites/mamp/tiagolink/blog/app/webroot/index.php(92): Dispatcher->dispatch(Object(CakeRequest), Object(CakeResponse))
#1 {main}
2012-11-27 22:06:47 Error: [MissingControllerException] Controller class Index.phpController could not be found.
#0 C:\xampp\htdocs\Ismael\blog\app\webroot\index.php(92): Dispatcher->dispatch(Object(CakeRequest), Object(CakeResponse))
#1 {main}
2012-11-27 22:07:24 Error: [MissingControllerException] Controller class Index.phpController could not be found.
#0 C:\xampp\htdocs\Ismael\blog\app\webroot\index.php(92): Dispatcher->dispatch(Object(CakeRequest), Object(CakeResponse))
#1 {main}
2012-11-27 22:07:27 Error: [MissingControllerException] Controller class Index.phpController could not be found.
#0 C:\xampp\htdocs\Ismael\blog\app\webroot\index.php(92): Dispatcher->dispatch(Object(CakeRequest), Object(CakeResponse))
#1 {main}
2012-11-27 22:07:35 Error: [MissingControllerException] Controller class JsController could not be found.
#0 C:\xampp\htdocs\Ismael\blog\app\webroot\index.php(92): Dispatcher->dispatch(Object(CakeRequest), Object(CakeResponse))
#1 {main}
2012-11-27 22:07:52 Error: [MissingConnectionException] Database connection "SQLSTATE[HY000] [1045] Access denied for user 'root'@'localhost' (using password: YES)" is missing, or could not be created.
#0 C:\xampp\htdocs\Ismael\blog\lib\Cake\Model\Datasource\DboSource.php(260): Mysql->connect()
#1 C:\xampp\htdocs\Ismael\blog\lib\Cake\Model\ConnectionManager.php(101): DboSource->__construct(Array)
#2 C:\xampp\htdocs\Ismael\blog\lib\Cake\Model\Model.php(3158): ConnectionManager::getDataSource('default')
#3 C:\xampp\htdocs\Ismael\blog\lib\Cake\Model\Model.php(1092): Model->setDataSource('default')
#4 C:\xampp\htdocs\Ismael\blog\lib\Cake\Model\Model.php(3180): Model->setSource('users')
#5 C:\xampp\htdocs\Ismael\blog\lib\Cake\Model\Model.php(1301): Model->getDataSource()
#6 C:\xampp\htdocs\Ismael\blog\lib\Cake\View\Helper\FormHelper.php(197): Model->schema()
#7 C:\xampp\htdocs\Ismael\blog\lib\Cake\View\Helper\FormHelper.php(436): FormHelper->_introspectModel('User', 'fields')
#8 C:\xampp\htdocs\Ismael\blog\app\View\Elements\form_login.ctp(19): FormHelper->create('User', Array)
#9 C:\xampp\htdocs\Ismael\blog\lib\Cake\View\View.php(920): include('C:\xampp\htdocs...')
#10 C:\xampp\htdocs\Ismael\blog\lib\Cake\View\View.php(883): View->_evaluate('C:\xampp\htdocs...', Array)
#11 C:\xampp\htdocs\Ismael\blog\lib\Cake\View\View.php(424): View->_render('C:\xampp\htdocs...', Array)
#12 C:\xampp\htdocs\Ismael\blog\app\View\Users\login.ctp(5): View->element('form_login')
#13 C:\xampp\htdocs\Ismael\blog\lib\Cake\View\View.php(920): include('C:\xampp\htdocs...')
#14 C:\xampp\htdocs\Ismael\blog\lib\Cake\View\View.php(883): View->_evaluate('C:\xampp\htdocs...', Array)
#15 C:\xampp\htdocs\Ismael\blog\lib\Cake\View\View.php(475): View->_render('C:\xampp\htdocs...')
#16 C:\xampp\htdocs\Ismael\blog\lib\Cake\Controller\Controller.php(957): View->render(NULL, NULL)
#17 C:\xampp\htdocs\Ismael\blog\lib\Cake\Routing\Dispatcher.php(193): Controller->render()
#18 C:\xampp\htdocs\Ismael\blog\lib\Cake\Routing\Dispatcher.php(161): Dispatcher->_invoke(Object(UsersController), Object(CakeRequest), Object(CakeResponse))
#19 C:\xampp\htdocs\Ismael\blog\app\webroot\index.php(92): Dispatcher->dispatch(Object(CakeRequest), Object(CakeResponse))
#20 {main}
2012-11-27 22:09:17 Error: [MissingControllerException] Controller class Index.phpController could not be found.
#0 C:\xampp\htdocs\Ismael\blog\app\webroot\index.php(92): Dispatcher->dispatch(Object(CakeRequest), Object(CakeResponse))
#1 {main}
2012-11-27 22:09:23 Error: [MissingTableException] Table users for model User was not found in datasource default.
#0 C:\xampp\htdocs\Ismael\blog\lib\Cake\Model\Model.php(3180): Model->setSource('users')
#1 C:\xampp\htdocs\Ismael\blog\lib\Cake\Model\Model.php(1301): Model->getDataSource()
#2 C:\xampp\htdocs\Ismael\blog\lib\Cake\View\Helper\FormHelper.php(197): Model->schema()
#3 C:\xampp\htdocs\Ismael\blog\lib\Cake\View\Helper\FormHelper.php(436): FormHelper->_introspectModel('User', 'fields')
#4 C:\xampp\htdocs\Ismael\blog\app\View\Elements\form_login.ctp(19): FormHelper->create('User', Array)
#5 C:\xampp\htdocs\Ismael\blog\lib\Cake\View\View.php(920): include('C:\xampp\htdocs...')
#6 C:\xampp\htdocs\Ismael\blog\lib\Cake\View\View.php(883): View->_evaluate('C:\xampp\htdocs...', Array)
#7 C:\xampp\htdocs\Ismael\blog\lib\Cake\View\View.php(424): View->_render('C:\xampp\htdocs...', Array)
#8 C:\xampp\htdocs\Ismael\blog\app\View\Pages\home.ctp(65): View->element('form_login')
#9 C:\xampp\htdocs\Ismael\blog\lib\Cake\View\View.php(920): include('C:\xampp\htdocs...')
#10 C:\xampp\htdocs\Ismael\blog\lib\Cake\View\View.php(883): View->_evaluate('C:\xampp\htdocs...', Array)
#11 C:\xampp\htdocs\Ismael\blog\lib\Cake\View\View.php(475): View->_render('C:\xampp\htdocs...')
#12 C:\xampp\htdocs\Ismael\blog\lib\Cake\Controller\Controller.php(957): View->render(NULL, NULL)
#13 C:\xampp\htdocs\Ismael\blog\lib\Cake\Routing\Dispatcher.php(193): Controller->render()
#14 C:\xampp\htdocs\Ismael\blog\lib\Cake\Routing\Dispatcher.php(161): Dispatcher->_invoke(Object(PagesController), Object(CakeRequest), Object(CakeResponse))
#15 C:\xampp\htdocs\Ismael\blog\app\webroot\index.php(92): Dispatcher->dispatch(Object(CakeRequest), Object(CakeResponse))
#16 {main}
2012-11-27 22:29:40 Error: [PDOException] SQLSTATE[HY000]: General error: 1364 Field 'name' doesn't have a default value
#0 C:\xampp\htdocs\Ismael\blog\lib\Cake\Model\Datasource\DboSource.php(461): PDOStatement->execute(Array)
#1 C:\xampp\htdocs\Ismael\blog\lib\Cake\Model\Datasource\DboSource.php(427): DboSource->_execute('INSERT INTO `my...', Array)
#2 C:\xampp\htdocs\Ismael\blog\lib\Cake\Model\Datasource\DboSource.php(1009): DboSource->execute('INSERT INTO `my...')
#3 C:\xampp\htdocs\Ismael\blog\lib\Cake\Model\Model.php(1730): DboSource->create(Object(User), Array, Array)
#4 C:\xampp\htdocs\Ismael\blog\app\Controller\UsersController.php(60): Model->save(Array)
#5 [internal function]: UsersController->register()
#6 C:\xampp\htdocs\Ismael\blog\lib\Cake\Controller\Controller.php(485): ReflectionMethod->invokeArgs(Object(UsersController), Array)
#7 C:\xampp\htdocs\Ismael\blog\lib\Cake\Routing\Dispatcher.php(186): Controller->invokeAction(Object(CakeRequest))
#8 C:\xampp\htdocs\Ismael\blog\lib\Cake\Routing\Dispatcher.php(161): Dispatcher->_invoke(Object(UsersController), Object(CakeRequest), Object(CakeResponse))
#9 C:\xampp\htdocs\Ismael\blog\app\webroot\index.php(92): Dispatcher->dispatch(Object(CakeRequest), Object(CakeResponse))
#10 {main}
2012-11-27 23:53:59 Error: [MissingControllerException] Controller class HelloController could not be found.
#0 C:\xampp\htdocs\Ismael\blog\app\webroot\index.php(92): Dispatcher->dispatch(Object(CakeRequest), Object(CakeResponse))
#1 {main}
2012-11-27 23:59:29 Error: [PDOException] SQLSTATE[HY000]: General error: 1364 Field 'name' doesn't have a default value
#0 C:\xampp\htdocs\Ismael\blog\lib\Cake\Model\Datasource\DboSource.php(461): PDOStatement->execute(Array)
#1 C:\xampp\htdocs\Ismael\blog\lib\Cake\Model\Datasource\DboSource.php(427): DboSource->_execute('INSERT INTO `my...', Array)
#2 C:\xampp\htdocs\Ismael\blog\lib\Cake\Model\Datasource\DboSource.php(1009): DboSource->execute('INSERT INTO `my...')
#3 C:\xampp\htdocs\Ismael\blog\lib\Cake\Model\Model.php(1730): DboSource->create(Object(User), Array, Array)
#4 C:\xampp\htdocs\Ismael\blog\app\Controller\UsersController.php(60): Model->save(Array)
#5 [internal function]: UsersController->register()
#6 C:\xampp\htdocs\Ismael\blog\lib\Cake\Controller\Controller.php(485): ReflectionMethod->invokeArgs(Object(UsersController), Array)
#7 C:\xampp\htdocs\Ismael\blog\lib\Cake\Routing\Dispatcher.php(186): Controller->invokeAction(Object(CakeRequest))
#8 C:\xampp\htdocs\Ismael\blog\lib\Cake\Routing\Dispatcher.php(161): Dispatcher->_invoke(Object(UsersController), Object(CakeRequest), Object(CakeResponse))
#9 C:\xampp\htdocs\Ismael\blog\app\webroot\index.php(92): Dispatcher->dispatch(Object(CakeRequest), Object(CakeResponse))
#10 {main}
2012-11-28 21:31:06 Error: [PDOException] SQLSTATE[HY000]: General error: 1364 Field 'name' doesn't have a default value
#0 C:\xampp\htdocs\Ismael\blog\lib\Cake\Model\Datasource\DboSource.php(461): PDOStatement->execute(Array)
#1 C:\xampp\htdocs\Ismael\blog\lib\Cake\Model\Datasource\DboSource.php(427): DboSource->_execute('INSERT INTO `my...', Array)
#2 C:\xampp\htdocs\Ismael\blog\lib\Cake\Model\Datasource\DboSource.php(1009): DboSource->execute('INSERT INTO `my...')
#3 C:\xampp\htdocs\Ismael\blog\lib\Cake\Model\Model.php(1730): DboSource->create(Object(User), Array, Array)
#4 C:\xampp\htdocs\Ismael\blog\app\Controller\UsersController.php(60): Model->save(Array)
#5 [internal function]: UsersController->register()
#6 C:\xampp\htdocs\Ismael\blog\lib\Cake\Controller\Controller.php(485): ReflectionMethod->invokeArgs(Object(UsersController), Array)
#7 C:\xampp\htdocs\Ismael\blog\lib\Cake\Routing\Dispatcher.php(186): Controller->invokeAction(Object(CakeRequest))
#8 C:\xampp\htdocs\Ismael\blog\lib\Cake\Routing\Dispatcher.php(161): Dispatcher->_invoke(Object(UsersController), Object(CakeRequest), Object(CakeResponse))
#9 C:\xampp\htdocs\Ismael\blog\app\webroot\index.php(92): Dispatcher->dispatch(Object(CakeRequest), Object(CakeResponse))
#10 {main}
2012-11-28 21:34:46 Error: [MissingControllerException] Controller class HomeController could not be found.
#0 C:\xampp\htdocs\Ismael\blog\app\webroot\index.php(92): Dispatcher->dispatch(Object(CakeRequest), Object(CakeResponse))
#1 {main}
2012-11-28 23:44:32 Error: Fatal Error (4): syntax error, unexpected '=>' (T_DOUBLE_ARROW), expecting ')' in [C:\xampp\htdocs\Ismael\blog\app\View\Posts\index.ctp, line 33]
2012-11-28 23:44:32 Error: [FatalErrorException] syntax error, unexpected '=>' (T_DOUBLE_ARROW), expecting ')'
#0 C:\xampp\htdocs\Ismael\blog\lib\Cake\Error\ErrorHandler.php(162): ErrorHandler::handleFatalError(4, 'syntax error, u...', 'C:\xampp\htdocs...', 33)
#1 [internal function]: ErrorHandler::handleError(4, 'syntax error, u...', 'C:\xampp\htdocs...', 33, Array)
#2 C:\xampp\htdocs\Ismael\blog\lib\Cake\Core\App.php(926): call_user_func('ErrorHandler::h...', 4, 'syntax error, u...', 'C:\xampp\htdocs...', 33, Array)
#3 C:\xampp\htdocs\Ismael\blog\lib\Cake\Core\App.php(899): App::_checkFatalError()
#4 [internal function]: App::shutdown()
#5 {main}
2012-11-28 23:45:11 Error: Fatal Error (4): syntax error, unexpected '[', expecting identifier (T_STRING) or variable (T_VARIABLE) or '{' or '$' in [C:\xampp\htdocs\Ismael\blog\app\View\Posts\index.ctp, line 33]
2012-11-28 23:45:11 Error: [FatalErrorException] syntax error, unexpected '[', expecting identifier (T_STRING) or variable (T_VARIABLE) or '{' or '$'
#0 C:\xampp\htdocs\Ismael\blog\lib\Cake\Error\ErrorHandler.php(162): ErrorHandler::handleFatalError(4, 'syntax error, u...', 'C:\xampp\htdocs...', 33)
#1 [internal function]: ErrorHandler::handleError(4, 'syntax error, u...', 'C:\xampp\htdocs...', 33, Array)
#2 C:\xampp\htdocs\Ismael\blog\lib\Cake\Core\App.php(926): call_user_func('ErrorHandler::h...', 4, 'syntax error, u...', 'C:\xampp\htdocs...', 33, Array)
#3 C:\xampp\htdocs\Ismael\blog\lib\Cake\Core\App.php(899): App::_checkFatalError()
#4 [internal function]: App::shutdown()
#5 {main}
2012-11-29 00:04:28 Error: [MissingActionException] Action PostsController::edit() could not be found.
#0 C:\xampp\htdocs\Ismael\blog\lib\Cake\Routing\Dispatcher.php(186): Controller->invokeAction(Object(CakeRequest))
#1 C:\xampp\htdocs\Ismael\blog\lib\Cake\Routing\Dispatcher.php(161): Dispatcher->_invoke(Object(PostsController), Object(CakeRequest), Object(CakeResponse))
#2 C:\xampp\htdocs\Ismael\blog\app\webroot\index.php(92): Dispatcher->dispatch(Object(CakeRequest), Object(CakeResponse))
#3 {main}
2012-11-29 00:04:42 Error: [MissingActionException] Action PostsController::delete() could not be found.
#0 C:\xampp\htdocs\Ismael\blog\lib\Cake\Routing\Dispatcher.php(186): Controller->invokeAction(Object(CakeRequest))
#1 C:\xampp\htdocs\Ismael\blog\lib\Cake\Routing\Dispatcher.php(161): Dispatcher->_invoke(Object(PostsController), Object(CakeRequest), Object(CakeResponse))
#2 C:\xampp\htdocs\Ismael\blog\app\webroot\index.php(92): Dispatcher->dispatch(Object(CakeRequest), Object(CakeResponse))
#3 {main}
2012-11-29 00:05:16 Error: [MissingActionException] Action PostsController::delete() could not be found.
#0 C:\xampp\htdocs\Ismael\blog\lib\Cake\Routing\Dispatcher.php(186): Controller->invokeAction(Object(CakeRequest))
#1 C:\xampp\htdocs\Ismael\blog\lib\Cake\Routing\Dispatcher.php(161): Dispatcher->_invoke(Object(PostsController), Object(CakeRequest), Object(CakeResponse))
#2 C:\xampp\htdocs\Ismael\blog\app\webroot\index.php(92): Dispatcher->dispatch(Object(CakeRequest), Object(CakeResponse))
#3 {main}
2012-12-01 12:36:59 Error: [MissingControllerException] Controller class ContactController could not be found.
#0 C:\xampp\htdocs\Ismael\blog\app\webroot\index.php(92): Dispatcher->dispatch(Object(CakeRequest), Object(CakeResponse))
#1 {main}
2012-12-01 12:37:01 Error: [MissingControllerException] Controller class ContactsController could not be found.
#0 C:\xampp\htdocs\Ismael\blog\app\webroot\index.php(92): Dispatcher->dispatch(Object(CakeRequest), Object(CakeResponse))
#1 {main}
2012-12-01 12:38:35 Error: [MissingActionException] Action PostsController::delete() could not be found.
#0 C:\xampp\htdocs\Ismael\blog\lib\Cake\Routing\Dispatcher.php(186): Controller->invokeAction(Object(CakeRequest))
#1 C:\xampp\htdocs\Ismael\blog\lib\Cake\Routing\Dispatcher.php(161): Dispatcher->_invoke(Object(PostsController), Object(CakeRequest), Object(CakeResponse))
#2 C:\xampp\htdocs\Ismael\blog\app\webroot\index.php(92): Dispatcher->dispatch(Object(CakeRequest), Object(CakeResponse))
#3 {main}
2012-12-01 12:43:05 Error: [MissingActionException] Action PostsController::delete() could not be found.
#0 C:\xampp\htdocs\Ismael\blog\lib\Cake\Routing\Dispatcher.php(186): Controller->invokeAction(Object(CakeRequest))
#1 C:\xampp\htdocs\Ismael\blog\lib\Cake\Routing\Dispatcher.php(161): Dispatcher->_invoke(Object(PostsController), Object(CakeRequest), Object(CakeResponse))
#2 C:\xampp\htdocs\Ismael\blog\app\webroot\index.php(92): Dispatcher->dispatch(Object(CakeRequest), Object(CakeResponse))
#3 {main}
2012-12-05 13:02:42 Error: [MethodNotAllowedException] Method Not Allowed
#0 [internal function]: PostsController->delete('1')
#1 C:\xampp\htdocs\Ismael\blog\lib\Cake\Controller\Controller.php(485): ReflectionMethod->invokeArgs(Object(PostsController), Array)
#2 C:\xampp\htdocs\Ismael\blog\lib\Cake\Routing\Dispatcher.php(186): Controller->invokeAction(Object(CakeRequest))
#3 C:\xampp\htdocs\Ismael\blog\lib\Cake\Routing\Dispatcher.php(161): Dispatcher->_invoke(Object(PostsController), Object(CakeRequest), Object(CakeResponse))
#4 C:\xampp\htdocs\Ismael\blog\app\webroot\index.php(92): Dispatcher->dispatch(Object(CakeRequest), Object(CakeResponse))
#5 {main}
2012-12-05 13:02:59 Error: [MethodNotAllowedException] Method Not Allowed
#0 [internal function]: PostsController->delete('1')
#1 C:\xampp\htdocs\Ismael\blog\lib\Cake\Controller\Controller.php(485): ReflectionMethod->invokeArgs(Object(PostsController), Array)
#2 C:\xampp\htdocs\Ismael\blog\lib\Cake\Routing\Dispatcher.php(186): Controller->invokeAction(Object(CakeRequest))
#3 C:\xampp\htdocs\Ismael\blog\lib\Cake\Routing\Dispatcher.php(161): Dispatcher->_invoke(Object(PostsController), Object(CakeRequest), Object(CakeResponse))
#4 C:\xampp\htdocs\Ismael\blog\app\webroot\index.php(92): Dispatcher->dispatch(Object(CakeRequest), Object(CakeResponse))
#5 {main}
2012-12-05 13:08:10 Error: Fatal Error (4): syntax error, unexpected 'array' (T_ARRAY) in [C:\xampp\htdocs\Ismael\blog\app\View\Posts\index.ctp, line 44]
2012-12-05 13:08:10 Error: [FatalErrorException] syntax error, unexpected 'array' (T_ARRAY)
#0 C:\xampp\htdocs\Ismael\blog\lib\Cake\Error\ErrorHandler.php(162): ErrorHandler::handleFatalError(4, 'syntax error, u...', 'C:\xampp\htdocs...', 44)
#1 [internal function]: ErrorHandler::handleError(4, 'syntax error, u...', 'C:\xampp\htdocs...', 44, Array)
#2 C:\xampp\htdocs\Ismael\blog\lib\Cake\Core\App.php(926): call_user_func('ErrorHandler::h...', 4, 'syntax error, u...', 'C:\xampp\htdocs...', 44, Array)
#3 C:\xampp\htdocs\Ismael\blog\lib\Cake\Core\App.php(899): App::_checkFatalError()
#4 [internal function]: App::shutdown()
#5 {main}
2012-12-05 13:09:32 Error: Fatal Error (4): syntax error, unexpected 'array' (T_ARRAY) in [C:\xampp\htdocs\Ismael\blog\app\View\Posts\index.ctp, line 44]
2012-12-05 13:09:32 Error: [FatalErrorException] syntax error, unexpected 'array' (T_ARRAY)
#0 C:\xampp\htdocs\Ismael\blog\lib\Cake\Error\ErrorHandler.php(162): ErrorHandler::handleFatalError(4, 'syntax error, u...', 'C:\xampp\htdocs...', 44)
#1 [internal function]: ErrorHandler::handleError(4, 'syntax error, u...', 'C:\xampp\htdocs...', 44, Array)
#2 C:\xampp\htdocs\Ismael\blog\lib\Cake\Core\App.php(926): call_user_func('ErrorHandler::h...', 4, 'syntax error, u...', 'C:\xampp\htdocs...', 44, Array)
#3 C:\xampp\htdocs\Ismael\blog\lib\Cake\Core\App.php(899): App::_checkFatalError()
#4 [internal function]: App::shutdown()
#5 {main}
2012-12-06 18:43:29 Error: [MissingControllerException] Controller class CadastroController could not be found.
#0 C:\xampp\htdocs\Ismael\blog\app\webroot\index.php(92): Dispatcher->dispatch(Object(CakeRequest), Object(CakeResponse))
#1 {main}
2012-12-06 18:44:12 Error: [MissingControllerException] Controller class CadastroController could not be found.
#0 C:\xampp\htdocs\Ismael\blog\app\webroot\index.php(92): Dispatcher->dispatch(Object(CakeRequest), Object(CakeResponse))
#1 {main}
2012-12-06 18:44:17 Error: [MissingControllerException] Controller class CadastroController could not be found.
#0 C:\xampp\htdocs\Ismael\blog\app\webroot\index.php(92): Dispatcher->dispatch(Object(CakeRequest), Object(CakeResponse))
#1 {main}
2012-12-06 18:45:24 Error: [MissingViewException] View file "C:\xampp\htdocs\Ismael\blog\app\View\Cadastro\index.ctp" is missing.
#0 C:\xampp\htdocs\Ismael\blog\lib\Cake\View\View.php(472): View->_getViewFileName(NULL)
#1 C:\xampp\htdocs\Ismael\blog\lib\Cake\Controller\Controller.php(957): View->render(NULL, NULL)
#2 C:\xampp\htdocs\Ismael\blog\lib\Cake\Routing\Dispatcher.php(193): Controller->render()
#3 C:\xampp\htdocs\Ismael\blog\lib\Cake\Routing\Dispatcher.php(161): Dispatcher->_invoke(Object(CadastroController), Object(CakeRequest), Object(CakeResponse))
#4 C:\xampp\htdocs\Ismael\blog\app\webroot\index.php(92): Dispatcher->dispatch(Object(CakeRequest), Object(CakeResponse))
#5 {main}
2012-12-06 18:48:11 Error: [MissingViewException] View file "C:\xampp\htdocs\Ismael\blog\app\View\Cadastro\index.ctp" is missing.
#0 C:\xampp\htdocs\Ismael\blog\lib\Cake\View\View.php(472): View->_getViewFileName(NULL)
#1 C:\xampp\htdocs\Ismael\blog\lib\Cake\Controller\Controller.php(957): View->render(NULL, NULL)
#2 C:\xampp\htdocs\Ismael\blog\lib\Cake\Routing\Dispatcher.php(193): Controller->render()
#3 C:\xampp\htdocs\Ismael\blog\lib\Cake\Routing\Dispatcher.php(161): Dispatcher->_invoke(Object(CadastroController), Object(CakeRequest), Object(CakeResponse))
#4 C:\xampp\htdocs\Ismael\blog\app\webroot\index.php(92): Dispatcher->dispatch(Object(CakeRequest), Object(CakeResponse))
#5 {main}
2012-12-06 18:48:45 Error: [MissingControllerException] Controller class CadastroController could not be found.
#0 C:\xampp\htdocs\Ismael\blog\app\webroot\index.php(92): Dispatcher->dispatch(Object(CakeRequest), Object(CakeResponse))
#1 {main}
2012-12-06 18:48:55 Error: [MissingViewException] View file "C:\xampp\htdocs\Ismael\blog\app\View\Cadastros\index.ctp" is missing.
#0 C:\xampp\htdocs\Ismael\blog\lib\Cake\View\View.php(472): View->_getViewFileName(NULL)
#1 C:\xampp\htdocs\Ismael\blog\lib\Cake\Controller\Controller.php(957): View->render(NULL, NULL)
#2 C:\xampp\htdocs\Ismael\blog\lib\Cake\Routing\Dispatcher.php(193): Controller->render()
#3 C:\xampp\htdocs\Ismael\blog\lib\Cake\Routing\Dispatcher.php(161): Dispatcher->_invoke(Object(CadastrosController), Object(CakeRequest), Object(CakeResponse))
#4 C:\xampp\htdocs\Ismael\blog\app\webroot\index.php(92): Dispatcher->dispatch(Object(CakeRequest), Object(CakeResponse))
#5 {main}
2012-12-06 18:56:43 Error: [MissingHelperException] Helper class CadastroHelper could not be found.
#0 C:\xampp\htdocs\Ismael\blog\lib\Cake\View\HelperCollection.php(62): HelperCollection->load('Cadastro')
#1 C:\xampp\htdocs\Ismael\blog\lib\Cake\View\View.php(812): HelperCollection->__isset('Cadastro')
#2 C:\xampp\htdocs\Ismael\blog\app\View\Cadastros\add.ctp(6): View->__get('Cadastro')
#3 C:\xampp\htdocs\Ismael\blog\lib\Cake\View\View.php(920): include('C:\xampp\htdocs...')
#4 C:\xampp\htdocs\Ismael\blog\lib\Cake\View\View.php(883): View->_evaluate('C:\xampp\htdocs...', Array)
#5 C:\xampp\htdocs\Ismael\blog\lib\Cake\View\View.php(475): View->_render('C:\xampp\htdocs...')
#6 C:\xampp\htdocs\Ismael\blog\lib\Cake\Controller\Controller.php(957): View->render(NULL, NULL)
#7 C:\xampp\htdocs\Ismael\blog\lib\Cake\Routing\Dispatcher.php(193): Controller->render()
#8 C:\xampp\htdocs\Ismael\blog\lib\Cake\Routing\Dispatcher.php(161): Dispatcher->_invoke(Object(CadastrosController), Object(CakeRequest), Object(CakeResponse))
#9 C:\xampp\htdocs\Ismael\blog\app\webroot\index.php(92): Dispatcher->dispatch(Object(CakeRequest), Object(CakeResponse))
#10 {main}
2012-12-06 19:02:27 Error: [MissingHelperException] Helper class CadastroHelper could not be found.
#0 C:\xampp\htdocs\Ismael\blog\lib\Cake\View\HelperCollection.php(62): HelperCollection->load('Cadastro')
#1 C:\xampp\htdocs\Ismael\blog\lib\Cake\View\View.php(812): HelperCollection->__isset('Cadastro')
#2 C:\xampp\htdocs\Ismael\blog\app\View\Cadastros\add.ctp(6): View->__get('Cadastro')
#3 C:\xampp\htdocs\Ismael\blog\lib\Cake\View\View.php(920): include('C:\xampp\htdocs...')
#4 C:\xampp\htdocs\Ismael\blog\lib\Cake\View\View.php(883): View->_evaluate('C:\xampp\htdocs...', Array)
#5 C:\xampp\htdocs\Ismael\blog\lib\Cake\View\View.php(475): View->_render('C:\xampp\htdocs...')
#6 C:\xampp\htdocs\Ismael\blog\lib\Cake\Controller\Controller.php(957): View->render(NULL, NULL)
#7 C:\xampp\htdocs\Ismael\blog\lib\Cake\Routing\Dispatcher.php(193): Controller->render()
#8 C:\xampp\htdocs\Ismael\blog\lib\Cake\Routing\Dispatcher.php(161): Dispatcher->_invoke(Object(CadastrosController), Object(CakeRequest), Object(CakeResponse))
#9 C:\xampp\htdocs\Ismael\blog\app\webroot\index.php(92): Dispatcher->dispatch(Object(CakeRequest), Object(CakeResponse))
#10 {main}
2012-12-07 00:10:46 Error: Fatal Error (4): syntax error, unexpected 'array' (T_ARRAY) in [C:\xampp\htdocs\Ismael\blog\app\View\Posts\index.ctp, line 44]
2012-12-07 00:10:46 Error: [FatalErrorException] syntax error, unexpected 'array' (T_ARRAY)
#0 C:\xampp\htdocs\Ismael\blog\lib\Cake\Error\ErrorHandler.php(162): ErrorHandler::handleFatalError(4, 'syntax error, u...', 'C:\xampp\htdocs...', 44)
#1 [internal function]: ErrorHandler::handleError(4, 'syntax error, u...', 'C:\xampp\htdocs...', 44, Array)
#2 C:\xampp\htdocs\Ismael\blog\lib\Cake\Core\App.php(926): call_user_func('ErrorHandler::h...', 4, 'syntax error, u...', 'C:\xampp\htdocs...', 44, Array)
#3 C:\xampp\htdocs\Ismael\blog\lib\Cake\Core\App.php(899): App::_checkFatalError()
#4 [internal function]: App::shutdown()
#5 {main}
2012-12-07 00:10:47 Error: Fatal Error (4): syntax error, unexpected 'array' (T_ARRAY) in [C:\xampp\htdocs\Ismael\blog\app\View\Posts\index.ctp, line 44]
2012-12-07 00:10:47 Error: [FatalErrorException] syntax error, unexpected 'array' (T_ARRAY)
#0 C:\xampp\htdocs\Ismael\blog\lib\Cake\Error\ErrorHandler.php(162): ErrorHandler::handleFatalError(4, 'syntax error, u...', 'C:\xampp\htdocs...', 44)
#1 [internal function]: ErrorHandler::handleError(4, 'syntax error, u...', 'C:\xampp\htdocs...', 44, Array)
#2 C:\xampp\htdocs\Ismael\blog\lib\Cake\Core\App.php(926): call_user_func('ErrorHandler::h...', 4, 'syntax error, u...', 'C:\xampp\htdocs...', 44, Array)
#3 C:\xampp\htdocs\Ismael\blog\lib\Cake\Core\App.php(899): App::_checkFatalError()
#4 [internal function]: App::shutdown()
#5 {main}
2012-12-07 00:11:07 Error: Fatal Error (4): syntax error, unexpected 'array' (T_ARRAY), expecting ',' or ';' in [C:\xampp\htdocs\Ismael\blog\app\View\Posts\index.ctp, line 44]
2012-12-07 00:11:07 Error: [FatalErrorException] syntax error, unexpected 'array' (T_ARRAY), expecting ',' or ';'
#0 C:\xampp\htdocs\Ismael\blog\lib\Cake\Error\ErrorHandler.php(162): ErrorHandler::handleFatalError(4, 'syntax error, u...', 'C:\xampp\htdocs...', 44)
#1 [internal function]: ErrorHandler::handleError(4, 'syntax error, u...', 'C:\xampp\htdocs...', 44, Array)
#2 C:\xampp\htdocs\Ismael\blog\lib\Cake\Core\App.php(926): call_user_func('ErrorHandler::h...', 4, 'syntax error, u...', 'C:\xampp\htdocs...', 44, Array)
#3 C:\xampp\htdocs\Ismael\blog\lib\Cake\Core\App.php(899): App::_checkFatalError()
#4 [internal function]: App::shutdown()
#5 {main}
2012-12-07 00:13:11 Error: Fatal Error (4): syntax error, unexpected ')', expecting ',' or ';' in [C:\xampp\htdocs\Ismael\blog\app\View\Posts\index.ctp, line 45]
2012-12-07 00:13:11 Error: [FatalErrorException] syntax error, unexpected ')', expecting ',' or ';'
#0 C:\xampp\htdocs\Ismael\blog\lib\Cake\Error\ErrorHandler.php(162): ErrorHandler::handleFatalError(4, 'syntax error, u...', 'C:\xampp\htdocs...', 45)
#1 [internal function]: ErrorHandler::handleError(4, 'syntax error, u...', 'C:\xampp\htdocs...', 45, Array)
#2 C:\xampp\htdocs\Ismael\blog\lib\Cake\Core\App.php(926): call_user_func('ErrorHandler::h...', 4, 'syntax error, u...', 'C:\xampp\htdocs...', 45, Array)
#3 C:\xampp\htdocs\Ismael\blog\lib\Cake\Core\App.php(899): App::_checkFatalError()
#4 [internal function]: App::shutdown()
#5 {main}
2012-12-07 00:13:12 Error: Fatal Error (4): syntax error, unexpected ')', expecting ',' or ';' in [C:\xampp\htdocs\Ismael\blog\app\View\Posts\index.ctp, line 45]
2012-12-07 00:13:12 Error: [FatalErrorException] syntax error, unexpected ')', expecting ',' or ';'
#0 C:\xampp\htdocs\Ismael\blog\lib\Cake\Error\ErrorHandler.php(162): ErrorHandler::handleFatalError(4, 'syntax error, u...', 'C:\xampp\htdocs...', 45)
#1 [internal function]: ErrorHandler::handleError(4, 'syntax error, u...', 'C:\xampp\htdocs...', 45, Array)
#2 C:\xampp\htdocs\Ismael\blog\lib\Cake\Core\App.php(926): call_user_func('ErrorHandler::h...', 4, 'syntax error, u...', 'C:\xampp\htdocs...', 45, Array)
#3 C:\xampp\htdocs\Ismael\blog\lib\Cake\Core\App.php(899): App::_checkFatalError()
#4 [internal function]: App::shutdown()
#5 {main}
2012-12-07 11:12:30 Error: Fatal Error (4): syntax error, unexpected ')', expecting ',' or ';' in [C:\xampp\htdocs\Ismael\blog\app\View\Posts\index.ctp, line 45]
2012-12-07 11:12:30 Error: [FatalErrorException] syntax error, unexpected ')', expecting ',' or ';'
#0 C:\xampp\htdocs\Ismael\blog\lib\Cake\Error\ErrorHandler.php(162): ErrorHandler::handleFatalError(4, 'syntax error, u...', 'C:\xampp\htdocs...', 45)
#1 [internal function]: ErrorHandler::handleError(4, 'syntax error, u...', 'C:\xampp\htdocs...', 45, Array)
#2 C:\xampp\htdocs\Ismael\blog\lib\Cake\Core\App.php(926): call_user_func('ErrorHandler::h...', 4, 'syntax error, u...', 'C:\xampp\htdocs...', 45, Array)
#3 C:\xampp\htdocs\Ismael\blog\lib\Cake\Core\App.php(899): App::_checkFatalError()
#4 [internal function]: App::shutdown()
#5 {main}
2012-12-07 12:00:05 Error: [PDOException] SQLSTATE[42000]: Syntax error or access violation: 1064 You have an error in your SQL syntax; check the manual that corresponds to your MySQL server version for the right syntax to use near 'paginate' at line 1
#0 C:\xampp\htdocs\Ismael\blog\lib\Cake\Model\Datasource\DboSource.php(461): PDOStatement->execute(Array)
#1 C:\xampp\htdocs\Ismael\blog\lib\Cake\Model\Datasource\DboSource.php(427): DboSource->_execute('paginate', Array)
#2 C:\xampp\htdocs\Ismael\blog\lib\Cake\Model\Datasource\DboSource.php(671): DboSource->execute('paginate', Array, Array)
#3 C:\xampp\htdocs\Ismael\blog\lib\Cake\Model\Datasource\DboSource.php(613): DboSource->fetchAll('paginate', Array, Array)
#4 C:\xampp\htdocs\Ismael\blog\lib\Cake\Model\Model.php(784): DboSource->query('paginate', Array, Object(Post))
#5 C:\xampp\htdocs\Ismael\blog\app\Controller\PostsController.php(15): Model->__call('paginate', Array)
#6 C:\xampp\htdocs\Ismael\blog\app\Controller\PostsController.php(15): Post->paginate('all')
#7 [internal function]: PostsController->index()
#8 C:\xampp\htdocs\Ismael\blog\lib\Cake\Controller\Controller.php(485): ReflectionMethod->invokeArgs(Object(PostsController), Array)
#9 C:\xampp\htdocs\Ismael\blog\lib\Cake\Routing\Dispatcher.php(186): Controller->invokeAction(Object(CakeRequest))
#10 C:\xampp\htdocs\Ismael\blog\lib\Cake\Routing\Dispatcher.php(161): Dispatcher->_invoke(Object(PostsController), Object(CakeRequest), Object(CakeResponse))
#11 C:\xampp\htdocs\Ismael\blog\app\webroot\index.php(92): Dispatcher->dispatch(Object(CakeRequest), Object(CakeResponse))
#12 {main}
2012-12-07 12:00:09 Error: [PDOException] SQLSTATE[42000]: Syntax error or access violation: 1064 You have an error in your SQL syntax; check the manual that corresponds to your MySQL server version for the right syntax to use near 'paginate' at line 1
#0 C:\xampp\htdocs\Ismael\blog\lib\Cake\Model\Datasource\DboSource.php(461): PDOStatement->execute(Array)
#1 C:\xampp\htdocs\Ismael\blog\lib\Cake\Model\Datasource\DboSource.php(427): DboSource->_execute('paginate', Array)
#2 C:\xampp\htdocs\Ismael\blog\lib\Cake\Model\Datasource\DboSource.php(671): DboSource->execute('paginate', Array, Array)
#3 C:\xampp\htdocs\Ismael\blog\lib\Cake\Model\Datasource\DboSource.php(613): DboSource->fetchAll('paginate', Array, Array)
#4 C:\xampp\htdocs\Ismael\blog\lib\Cake\Model\Model.php(784): DboSource->query('paginate', Array, Object(Post))
#5 C:\xampp\htdocs\Ismael\blog\app\Controller\PostsController.php(15): Model->__call('paginate', Array)
#6 C:\xampp\htdocs\Ismael\blog\app\Controller\PostsController.php(15): Post->paginate('all')
#7 [internal function]: PostsController->index()
#8 C:\xampp\htdocs\Ismael\blog\lib\Cake\Controller\Controller.php(485): ReflectionMethod->invokeArgs(Object(PostsController), Array)
#9 C:\xampp\htdocs\Ismael\blog\lib\Cake\Routing\Dispatcher.php(186): Controller->invokeAction(Object(CakeRequest))
#10 C:\xampp\htdocs\Ismael\blog\lib\Cake\Routing\Dispatcher.php(161): Dispatcher->_invoke(Object(PostsController), Object(CakeRequest), Object(CakeResponse))
#11 C:\xampp\htdocs\Ismael\blog\app\webroot\index.php(92): Dispatcher->dispatch(Object(CakeRequest), Object(CakeResponse))
#12 {main}
2012-12-07 12:01:20 Error: [PDOException] SQLSTATE[42000]: Syntax error or access violation: 1064 You have an error in your SQL syntax; check the manual that corresponds to your MySQL server version for the right syntax to use near 'paginate' at line 1
#0 C:\xampp\htdocs\Ismael\blog\lib\Cake\Model\Datasource\DboSource.php(461): PDOStatement->execute(Array)
#1 C:\xampp\htdocs\Ismael\blog\lib\Cake\Model\Datasource\DboSource.php(427): DboSource->_execute('paginate', Array)
#2 C:\xampp\htdocs\Ismael\blog\lib\Cake\Model\Datasource\DboSource.php(671): DboSource->execute('paginate', Array, Array)
#3 C:\xampp\htdocs\Ismael\blog\lib\Cake\Model\Datasource\DboSource.php(613): DboSource->fetchAll('paginate', Array, Array)
#4 C:\xampp\htdocs\Ismael\blog\lib\Cake\Model\Model.php(784): DboSource->query('paginate', Array, Object(Post))
#5 C:\xampp\htdocs\Ismael\blog\app\Controller\PostsController.php(15): Model->__call('paginate', Array)
#6 C:\xampp\htdocs\Ismael\blog\app\Controller\PostsController.php(15): Post->paginate('all')
#7 [internal function]: PostsController->index()
#8 C:\xampp\htdocs\Ismael\blog\lib\Cake\Controller\Controller.php(485): ReflectionMethod->invokeArgs(Object(PostsController), Array)
#9 C:\xampp\htdocs\Ismael\blog\lib\Cake\Routing\Dispatcher.php(186): Controller->invokeAction(Object(CakeRequest))
#10 C:\xampp\htdocs\Ismael\blog\lib\Cake\Routing\Dispatcher.php(161): Dispatcher->_invoke(Object(PostsController), Object(CakeRequest), Object(CakeResponse))
#11 C:\xampp\htdocs\Ismael\blog\app\webroot\index.php(92): Dispatcher->dispatch(Object(CakeRequest), Object(CakeResponse))
#12 {main}
2012-12-07 12:59:20 Error: [PDOException] SQLSTATE[42000]: Syntax error or access violation: 1064 You have an error in your SQL syntax; check the manual that corresponds to your MySQL server version for the right syntax to use near 'paginate' at line 1
#0 C:\xampp\htdocs\Ismael\blog\lib\Cake\Model\Datasource\DboSource.php(461): PDOStatement->execute(Array)
#1 C:\xampp\htdocs\Ismael\blog\lib\Cake\Model\Datasource\DboSource.php(427): DboSource->_execute('paginate', Array)
#2 C:\xampp\htdocs\Ismael\blog\lib\Cake\Model\Datasource\DboSource.php(671): DboSource->execute('paginate', Array, Array)
#3 C:\xampp\htdocs\Ismael\blog\lib\Cake\Model\Datasource\DboSource.php(613): DboSource->fetchAll('paginate', Array, Array)
#4 C:\xampp\htdocs\Ismael\blog\lib\Cake\Model\Model.php(784): DboSource->query('paginate', Array, Object(Post))
#5 C:\xampp\htdocs\Ismael\blog\app\Controller\PostsController.php(13): Model->__call('paginate', Array)
#6 C:\xampp\htdocs\Ismael\blog\app\Controller\PostsController.php(13): Post->paginate('Post')
#7 [internal function]: PostsController->index()
#8 C:\xampp\htdocs\Ismael\blog\lib\Cake\Controller\Controller.php(485): ReflectionMethod->invokeArgs(Object(PostsController), Array)
#9 C:\xampp\htdocs\Ismael\blog\lib\Cake\Routing\Dispatcher.php(186): Controller->invokeAction(Object(CakeRequest))
#10 C:\xampp\htdocs\Ismael\blog\lib\Cake\Routing\Dispatcher.php(161): Dispatcher->_invoke(Object(PostsController), Object(CakeRequest), Object(CakeResponse))
#11 C:\xampp\htdocs\Ismael\blog\app\webroot\index.php(92): Dispatcher->dispatch(Object(CakeRequest), Object(CakeResponse))
#12 {main}
2012-12-07 12:59:22 Error: [PDOException] SQLSTATE[42000]: Syntax error or access violation: 1064 You have an error in your SQL syntax; check the manual that corresponds to your MySQL server version for the right syntax to use near 'paginate' at line 1
#0 C:\xampp\htdocs\Ismael\blog\lib\Cake\Model\Datasource\DboSource.php(461): PDOStatement->execute(Array)
#1 C:\xampp\htdocs\Ismael\blog\lib\Cake\Model\Datasource\DboSource.php(427): DboSource->_execute('paginate', Array)
#2 C:\xampp\htdocs\Ismael\blog\lib\Cake\Model\Datasource\DboSource.php(671): DboSource->execute('paginate', Array, Array)
#3 C:\xampp\htdocs\Ismael\blog\lib\Cake\Model\Datasource\DboSource.php(613): DboSource->fetchAll('paginate', Array, Array)
#4 C:\xampp\htdocs\Ismael\blog\lib\Cake\Model\Model.php(784): DboSource->query('paginate', Array, Object(Post))
#5 C:\xampp\htdocs\Ismael\blog\app\Controller\PostsController.php(13): Model->__call('paginate', Array)
#6 C:\xampp\htdocs\Ismael\blog\app\Controller\PostsController.php(13): Post->paginate('Post')
#7 [internal function]: PostsController->index()
#8 C:\xampp\htdocs\Ismael\blog\lib\Cake\Controller\Controller.php(485): ReflectionMethod->invokeArgs(Object(PostsController), Array)
#9 C:\xampp\htdocs\Ismael\blog\lib\Cake\Routing\Dispatcher.php(186): Controller->invokeAction(Object(CakeRequest))
#10 C:\xampp\htdocs\Ismael\blog\lib\Cake\Routing\Dispatcher.php(161): Dispatcher->_invoke(Object(PostsController), Object(CakeRequest), Object(CakeResponse))
#11 C:\xampp\htdocs\Ismael\blog\app\webroot\index.php(92): Dispatcher->dispatch(Object(CakeRequest), Object(CakeResponse))
#12 {main}
2012-12-07 12:59:23 Error: [PDOException] SQLSTATE[42000]: Syntax error or access violation: 1064 You have an error in your SQL syntax; check the manual that corresponds to your MySQL server version for the right syntax to use near 'paginate' at line 1
#0 C:\xampp\htdocs\Ismael\blog\lib\Cake\Model\Datasource\DboSource.php(461): PDOStatement->execute(Array)
#1 C:\xampp\htdocs\Ismael\blog\lib\Cake\Model\Datasource\DboSource.php(427): DboSource->_execute('paginate', Array)
#2 C:\xampp\htdocs\Ismael\blog\lib\Cake\Model\Datasource\DboSource.php(671): DboSource->execute('paginate', Array, Array)
#3 C:\xampp\htdocs\Ismael\blog\lib\Cake\Model\Datasource\DboSource.php(613): DboSource->fetchAll('paginate', Array, Array)
#4 C:\xampp\htdocs\Ismael\blog\lib\Cake\Model\Model.php(784): DboSource->query('paginate', Array, Object(Post))
#5 C:\xampp\htdocs\Ismael\blog\app\Controller\PostsController.php(13): Model->__call('paginate', Array)
#6 C:\xampp\htdocs\Ismael\blog\app\Controller\PostsController.php(13): Post->paginate('Post')
#7 [internal function]: PostsController->index()
#8 C:\xampp\htdocs\Ismael\blog\lib\Cake\Controller\Controller.php(485): ReflectionMethod->invokeArgs(Object(PostsController), Array)
#9 C:\xampp\htdocs\Ismael\blog\lib\Cake\Routing\Dispatcher.php(186): Controller->invokeAction(Object(CakeRequest))
#10 C:\xampp\htdocs\Ismael\blog\lib\Cake\Routing\Dispatcher.php(161): Dispatcher->_invoke(Object(PostsController), Object(CakeRequest), Object(CakeResponse))
#11 C:\xampp\htdocs\Ismael\blog\app\webroot\index.php(92): Dispatcher->dispatch(Object(CakeRequest), Object(CakeResponse))
#12 {main}
2012-12-07 12:59:24 Error: [PDOException] SQLSTATE[42000]: Syntax error or access violation: 1064 You have an error in your SQL syntax; check the manual that corresponds to your MySQL server version for the right syntax to use near 'paginate' at line 1
#0 C:\xampp\htdocs\Ismael\blog\lib\Cake\Model\Datasource\DboSource.php(461): PDOStatement->execute(Array)
#1 C:\xampp\htdocs\Ismael\blog\lib\Cake\Model\Datasource\DboSource.php(427): DboSource->_execute('paginate', Array)
#2 C:\xampp\htdocs\Ismael\blog\lib\Cake\Model\Datasource\DboSource.php(671): DboSource->execute('paginate', Array, Array)
#3 C:\xampp\htdocs\Ismael\blog\lib\Cake\Model\Datasource\DboSource.php(613): DboSource->fetchAll('paginate', Array, Array)
#4 C:\xampp\htdocs\Ismael\blog\lib\Cake\Model\Model.php(784): DboSource->query('paginate', Array, Object(Post))
#5 C:\xampp\htdocs\Ismael\blog\app\Controller\PostsController.php(13): Model->__call('paginate', Array)
#6 C:\xampp\htdocs\Ismael\blog\app\Controller\PostsController.php(13): Post->paginate('Post')
#7 [internal function]: PostsController->index()
#8 C:\xampp\htdocs\Ismael\blog\lib\Cake\Controller\Controller.php(485): ReflectionMethod->invokeArgs(Object(PostsController), Array)
#9 C:\xampp\htdocs\Ismael\blog\lib\Cake\Routing\Dispatcher.php(186): Controller->invokeAction(Object(CakeRequest))
#10 C:\xampp\htdocs\Ismael\blog\lib\Cake\Routing\Dispatcher.php(161): Dispatcher->_invoke(Object(PostsController), Object(CakeRequest), Object(CakeResponse))
#11 C:\xampp\htdocs\Ismael\blog\app\webroot\index.php(92): Dispatcher->dispatch(Object(CakeRequest), Object(CakeResponse))
#12 {main}
2012-12-07 12:59:28 Error: [PDOException] SQLSTATE[42000]: Syntax error or access violation: 1064 You have an error in your SQL syntax; check the manual that corresponds to your MySQL server version for the right syntax to use near 'paginate' at line 1
#0 C:\xampp\htdocs\Ismael\blog\lib\Cake\Model\Datasource\DboSource.php(461): PDOStatement->execute(Array)
#1 C:\xampp\htdocs\Ismael\blog\lib\Cake\Model\Datasource\DboSource.php(427): DboSource->_execute('paginate', Array)
#2 C:\xampp\htdocs\Ismael\blog\lib\Cake\Model\Datasource\DboSource.php(671): DboSource->execute('paginate', Array, Array)
#3 C:\xampp\htdocs\Ismael\blog\lib\Cake\Model\Datasource\DboSource.php(613): DboSource->fetchAll('paginate', Array, Array)
#4 C:\xampp\htdocs\Ismael\blog\lib\Cake\Model\Model.php(784): DboSource->query('paginate', Array, Object(Post))
#5 C:\xampp\htdocs\Ismael\blog\app\Controller\PostsController.php(13): Model->__call('paginate', Array)
#6 C:\xampp\htdocs\Ismael\blog\app\Controller\PostsController.php(13): Post->paginate('Post')
#7 [internal function]: PostsController->index()
#8 C:\xampp\htdocs\Ismael\blog\lib\Cake\Controller\Controller.php(485): ReflectionMethod->invokeArgs(Object(PostsController), Array)
#9 C:\xampp\htdocs\Ismael\blog\lib\Cake\Routing\Dispatcher.php(186): Controller->invokeAction(Object(CakeRequest))
#10 C:\xampp\htdocs\Ismael\blog\lib\Cake\Routing\Dispatcher.php(161): Dispatcher->_invoke(Object(PostsController), Object(CakeRequest), Object(CakeResponse))
#11 C:\xampp\htdocs\Ismael\blog\app\webroot\index.php(92): Dispatcher->dispatch(Object(CakeRequest), Object(CakeResponse))
#12 {main}
2012-12-07 12:59:36 Error: [PDOException] SQLSTATE[42000]: Syntax error or access violation: 1064 You have an error in your SQL syntax; check the manual that corresponds to your MySQL server version for the right syntax to use near 'paginate' at line 1
#0 C:\xampp\htdocs\Ismael\blog\lib\Cake\Model\Datasource\DboSource.php(461): PDOStatement->execute(Array)
#1 C:\xampp\htdocs\Ismael\blog\lib\Cake\Model\Datasource\DboSource.php(427): DboSource->_execute('paginate', Array)
#2 C:\xampp\htdocs\Ismael\blog\lib\Cake\Model\Datasource\DboSource.php(671): DboSource->execute('paginate', Array, Array)
#3 C:\xampp\htdocs\Ismael\blog\lib\Cake\Model\Datasource\DboSource.php(613): DboSource->fetchAll('paginate', Array, Array)
#4 C:\xampp\htdocs\Ismael\blog\lib\Cake\Model\Model.php(784): DboSource->query('paginate', Array, Object(Post))
#5 C:\xampp\htdocs\Ismael\blog\app\Controller\PostsController.php(13): Model->__call('paginate', Array)
#6 C:\xampp\htdocs\Ismael\blog\app\Controller\PostsController.php(13): Post->paginate('Post')
#7 [internal function]: PostsController->index()
#8 C:\xampp\htdocs\Ismael\blog\lib\Cake\Controller\Controller.php(485): ReflectionMethod->invokeArgs(Object(PostsController), Array)
#9 C:\xampp\htdocs\Ismael\blog\lib\Cake\Routing\Dispatcher.php(186): Controller->invokeAction(Object(CakeRequest))
#10 C:\xampp\htdocs\Ismael\blog\lib\Cake\Routing\Dispatcher.php(161): Dispatcher->_invoke(Object(PostsController), Object(CakeRequest), Object(CakeResponse))
#11 C:\xampp\htdocs\Ismael\blog\app\webroot\index.php(92): Dispatcher->dispatch(Object(CakeRequest), Object(CakeResponse))
#12 {main}
2012-12-07 13:00:57 Error: Fatal Error (1): Call to a member function sort() on a non-object in [C:\xampp\htdocs\Ismael\blog\app\View\Posts\index.ctp, line 17]
2012-12-07 13:00:57 Error: [FatalErrorException] Call to a member function sort() on a non-object
#0 C:\xampp\htdocs\Ismael\blog\lib\Cake\Error\ErrorHandler.php(162): ErrorHandler::handleFatalError(1, 'Call to a membe...', 'C:\xampp\htdocs...', 17)
#1 [internal function]: ErrorHandler::handleError(1, 'Call to a membe...', 'C:\xampp\htdocs...', 17, Array)
#2 C:\xampp\htdocs\Ismael\blog\lib\Cake\Core\App.php(926): call_user_func('ErrorHandler::h...', 1, 'Call to a membe...', 'C:\xampp\htdocs...', 17, Array)
#3 C:\xampp\htdocs\Ismael\blog\lib\Cake\Core\App.php(899): App::_checkFatalError()
#4 [internal function]: App::shutdown()
#5 {main}
2012-12-07 13:59:30 Error: Fatal Error (1): Call to a member function sort() on a non-object in [C:\xampp\htdocs\Ismael\blog\app\View\Posts\index.ctp, line 17]
2012-12-07 13:59:30 Error: [FatalErrorException] Call to a member function sort() on a non-object
#0 C:\xampp\htdocs\Ismael\blog\lib\Cake\Error\ErrorHandler.php(162): ErrorHandler::handleFatalError(1, 'Call to a membe...', 'C:\xampp\htdocs...', 17)
#1 [internal function]: ErrorHandler::handleError(1, 'Call to a membe...', 'C:\xampp\htdocs...', 17, Array)
#2 C:\xampp\htdocs\Ismael\blog\lib\Cake\Core\App.php(926): call_user_func('ErrorHandler::h...', 1, 'Call to a membe...', 'C:\xampp\htdocs...', 17, Array)
#3 C:\xampp\htdocs\Ismael\blog\lib\Cake\Core\App.php(899): App::_checkFatalError()
#4 [internal function]: App::shutdown()
#5 {main}
2012-12-07 13:59:31 Error: Fatal Error (1): Call to a member function sort() on a non-object in [C:\xampp\htdocs\Ismael\blog\app\View\Posts\index.ctp, line 17]
2012-12-07 13:59:31 Error: [FatalErrorException] Call to a member function sort() on a non-object
#0 C:\xampp\htdocs\Ismael\blog\lib\Cake\Error\ErrorHandler.php(162): ErrorHandler::handleFatalError(1, 'Call to a membe...', 'C:\xampp\htdocs...', 17)
#1 [internal function]: ErrorHandler::handleError(1, 'Call to a membe...', 'C:\xampp\htdocs...', 17, Array)
#2 C:\xampp\htdocs\Ismael\blog\lib\Cake\Core\App.php(926): call_user_func('ErrorHandler::h...', 1, 'Call to a membe...', 'C:\xampp\htdocs...', 17, Array)
#3 C:\xampp\htdocs\Ismael\blog\lib\Cake\Core\App.php(899): App::_checkFatalError()
#4 [internal function]: App::shutdown()
#5 {main}
2012-12-07 14:04:32 Error: Fatal Error (1): Call to a member function sort() on a non-object in [C:\xampp\htdocs\Ismael\blog\app\View\Posts\index.ctp, line 17]
2012-12-07 14:04:32 Error: [FatalErrorException] Call to a member function sort() on a non-object
#0 C:\xampp\htdocs\Ismael\blog\lib\Cake\Error\ErrorHandler.php(162): ErrorHandler::handleFatalError(1, 'Call to a membe...', 'C:\xampp\htdocs...', 17)
#1 [internal function]: ErrorHandler::handleError(1, 'Call to a membe...', 'C:\xampp\htdocs...', 17, Array)
#2 C:\xampp\htdocs\Ismael\blog\lib\Cake\Core\App.php(926): call_user_func('ErrorHandler::h...', 1, 'Call to a membe...', 'C:\xampp\htdocs...', 17, Array)
#3 C:\xampp\htdocs\Ismael\blog\lib\Cake\Core\App.php(899): App::_checkFatalError()
#4 [internal function]: App::shutdown()
#5 {main}
2012-12-07 14:04:33 Error: Fatal Error (1): Call to a member function sort() on a non-object in [C:\xampp\htdocs\Ismael\blog\app\View\Posts\index.ctp, line 17]
2012-12-07 14:04:33 Error: [FatalErrorException] Call to a member function sort() on a non-object
#0 C:\xampp\htdocs\Ismael\blog\lib\Cake\Error\ErrorHandler.php(162): ErrorHandler::handleFatalError(1, 'Call to a membe...', 'C:\xampp\htdocs...', 17)
#1 [internal function]: ErrorHandler::handleError(1, 'Call to a membe...', 'C:\xampp\htdocs...', 17, Array)
#2 C:\xampp\htdocs\Ismael\blog\lib\Cake\Core\App.php(926): call_user_func('ErrorHandler::h...', 1, 'Call to a membe...', 'C:\xampp\htdocs...', 17, Array)
#3 C:\xampp\htdocs\Ismael\blog\lib\Cake\Core\App.php(899): App::_checkFatalError()
#4 [internal function]: App::shutdown()
#5 {main}
2012-12-07 14:07:55 Error: Fatal Error (1): Call to a member function numbers() on a non-object in [C:\xampp\htdocs\Ismael\blog\app\View\Posts\index.ctp, line 50]
2012-12-07 14:07:55 Error: [FatalErrorException] Call to a member function numbers() on a non-object
#0 C:\xampp\htdocs\Ismael\blog\lib\Cake\Error\ErrorHandler.php(162): ErrorHandler::handleFatalError(1, 'Call to a membe...', 'C:\xampp\htdocs...', 50)
#1 [internal function]: ErrorHandler::handleError(1, 'Call to a membe...', 'C:\xampp\htdocs...', 50, Array)
#2 C:\xampp\htdocs\Ismael\blog\lib\Cake\Core\App.php(926): call_user_func('ErrorHandler::h...', 1, 'Call to a membe...', 'C:\xampp\htdocs...', 50, Array)
#3 C:\xampp\htdocs\Ismael\blog\lib\Cake\Core\App.php(899): App::_checkFatalError()
#4 [internal function]: App::shutdown()
#5 {main}
2012-12-07 14:08:32 Error: Fatal Error (1): Call to a member function numbers() on a non-object in [C:\xampp\htdocs\Ismael\blog\app\View\Posts\index.ctp, line 51]
2012-12-07 14:08:32 Error: [FatalErrorException] Call to a member function numbers() on a non-object
#0 C:\xampp\htdocs\Ismael\blog\lib\Cake\Error\ErrorHandler.php(162): ErrorHandler::handleFatalError(1, 'Call to a membe...', 'C:\xampp\htdocs...', 51)
#1 [internal function]: ErrorHandler::handleError(1, 'Call to a membe...', 'C:\xampp\htdocs...', 51, Array)
#2 C:\xampp\htdocs\Ismael\blog\lib\Cake\Core\App.php(926): call_user_func('ErrorHandler::h...', 1, 'Call to a membe...', 'C:\xampp\htdocs...', 51, Array)
#3 C:\xampp\htdocs\Ismael\blog\lib\Cake\Core\App.php(899): App::_checkFatalError()
#4 [internal function]: App::shutdown()
#5 {main}
2012-12-07 14:09:49 Error: Fatal Error (1): Call to a member function sort() on a non-object in [C:\xampp\htdocs\Ismael\blog\app\View\Posts\index.ctp, line 17]
2012-12-07 14:09:49 Error: [FatalErrorException] Call to a member function sort() on a non-object
#0 C:\xampp\htdocs\Ismael\blog\lib\Cake\Error\ErrorHandler.php(162): ErrorHandler::handleFatalError(1, 'Call to a membe...', 'C:\xampp\htdocs...', 17)
#1 [internal function]: ErrorHandler::handleError(1, 'Call to a membe...', 'C:\xampp\htdocs...', 17, Array)
#2 C:\xampp\htdocs\Ismael\blog\lib\Cake\Core\App.php(926): call_user_func('ErrorHandler::h...', 1, 'Call to a membe...', 'C:\xampp\htdocs...', 17, Array)
#3 C:\xampp\htdocs\Ismael\blog\lib\Cake\Core\App.php(899): App::_checkFatalError()
#4 [internal function]: App::shutdown()
#5 {main}
2012-12-07 14:26:12 Error: Fatal Error (4): syntax error, unexpected 'more' (T_STRING) in [C:\xampp\htdocs\Ismael\blog\app\Controller\PostsController.php, line 30]
2012-12-07 14:26:12 Error: [FatalErrorException] syntax error, unexpected 'more' (T_STRING)
#0 C:\xampp\htdocs\Ismael\blog\lib\Cake\Error\ErrorHandler.php(162): ErrorHandler::handleFatalError(4, 'syntax error, u...', 'C:\xampp\htdocs...', 30)
#1 [internal function]: ErrorHandler::handleError(4, 'syntax error, u...', 'C:\xampp\htdocs...', 30, Array)
#2 C:\xampp\htdocs\Ismael\blog\lib\Cake\Core\App.php(926): call_user_func('ErrorHandler::h...', 4, 'syntax error, u...', 'C:\xampp\htdocs...', 30, Array)
#3 C:\xampp\htdocs\Ismael\blog\lib\Cake\Core\App.php(899): App::_checkFatalError()
#4 [internal function]: App::shutdown()
#5 {main}
2012-12-07 14:28:54 Error: [PDOException] SQLSTATE[42S22]: Column not found: 1054 Unknown column 'Post.active' in 'where clause'
#0 C:\xampp\htdocs\Ismael\blog\lib\Cake\Model\Datasource\DboSource.php(461): PDOStatement->execute(Array)
#1 C:\xampp\htdocs\Ismael\blog\lib\Cake\Model\Datasource\DboSource.php(427): DboSource->_execute('SELECT `Post`.`...', Array)
#2 C:\xampp\htdocs\Ismael\blog\lib\Cake\Model\Datasource\DboSource.php(671): DboSource->execute('SELECT `Post`.`...', Array, Array)
#3 C:\xampp\htdocs\Ismael\blog\lib\Cake\Model\Datasource\DboSource.php(1082): DboSource->fetchAll('SELECT `Post`.`...', false)
#4 C:\xampp\htdocs\Ismael\blog\lib\Cake\Model\Model.php(2631): DboSource->read(Object(Post), Array)
#5 C:\xampp\htdocs\Ismael\blog\lib\Cake\Controller\Component\PaginatorComponent.php(173): Model->find('all', Array)
#6 C:\xampp\htdocs\Ismael\blog\lib\Cake\Controller\Controller.php(1082): PaginatorComponent->paginate('Post', Array, Array)
#7 C:\xampp\htdocs\Ismael\blog\app\Controller\PostsController.php(23): Controller->paginate('Post')
#8 [internal function]: PostsController->index()
#9 C:\xampp\htdocs\Ismael\blog\lib\Cake\Controller\Controller.php(485): ReflectionMethod->invokeArgs(Object(PostsController), Array)
#10 C:\xampp\htdocs\Ismael\blog\lib\Cake\Routing\Dispatcher.php(186): Controller->invokeAction(Object(CakeRequest))
#11 C:\xampp\htdocs\Ismael\blog\lib\Cake\Routing\Dispatcher.php(161): Dispatcher->_invoke(Object(PostsController), Object(CakeRequest), Object(CakeResponse))
#12 C:\xampp\htdocs\Ismael\blog\app\webroot\index.php(92): Dispatcher->dispatch(Object(CakeRequest), Object(CakeResponse))
#13 {main}
2012-12-07 14:39:03 Error: Fatal Error (1): Call to a member function prev() on a non-object in [C:\xampp\htdocs\Ismael\blog\app\View\Posts\index.ctp, line 53]
2012-12-07 14:39:03 Error: [FatalErrorException] Call to a member function prev() on a non-object
#0 C:\xampp\htdocs\Ismael\blog\lib\Cake\Error\ErrorHandler.php(162): ErrorHandler::handleFatalError(1, 'Call to a membe...', 'C:\xampp\htdocs...', 53)
#1 [internal function]: ErrorHandler::handleError(1, 'Call to a membe...', 'C:\xampp\htdocs...', 53, Array)
#2 C:\xampp\htdocs\Ismael\blog\lib\Cake\Core\App.php(926): call_user_func('ErrorHandler::h...', 1, 'Call to a membe...', 'C:\xampp\htdocs...', 53, Array)
#3 C:\xampp\htdocs\Ismael\blog\lib\Cake\Core\App.php(899): App::_checkFatalError()
#4 [internal function]: App::shutdown()
#5 {main}
2012-12-07 14:39:04 Error: Fatal Error (1): Call to a member function prev() on a non-object in [C:\xampp\htdocs\Ismael\blog\app\View\Posts\index.ctp, line 53]
2012-12-07 14:39:04 Error: [FatalErrorException] Call to a member function prev() on a non-object
#0 C:\xampp\htdocs\Ismael\blog\lib\Cake\Error\ErrorHandler.php(162): ErrorHandler::handleFatalError(1, 'Call to a membe...', 'C:\xampp\htdocs...', 53)
#1 [internal function]: ErrorHandler::handleError(1, 'Call to a membe...', 'C:\xampp\htdocs...', 53, Array)
#2 C:\xampp\htdocs\Ismael\blog\lib\Cake\Core\App.php(926): call_user_func('ErrorHandler::h...', 1, 'Call to a membe...', 'C:\xampp\htdocs...', 53, Array)
#3 C:\xampp\htdocs\Ismael\blog\lib\Cake\Core\App.php(899): App::_checkFatalError()
#4 [internal function]: App::shutdown()
#5 {main}
2012-12-07 14:44:40 Error: Fatal Error (1): Call to a member function numbers() on a non-object in [C:\xampp\htdocs\Ismael\blog\app\View\Posts\index.ctp, line 57]
2012-12-07 14:44:40 Error: [FatalErrorException] Call to a member function numbers() on a non-object
#0 C:\xampp\htdocs\Ismael\blog\lib\Cake\Error\ErrorHandler.php(162): ErrorHandler::handleFatalError(1, 'Call to a membe...', 'C:\xampp\htdocs...', 57)
#1 [internal function]: ErrorHandler::handleError(1, 'Call to a membe...', 'C:\xampp\htdocs...', 57, Array)
#2 C:\xampp\htdocs\Ismael\blog\lib\Cake\Core\App.php(926): call_user_func('ErrorHandler::h...', 1, 'Call to a membe...', 'C:\xampp\htdocs...', 57, Array)
#3 C:\xampp\htdocs\Ismael\blog\lib\Cake\Core\App.php(899): App::_checkFatalError()
#4 [internal function]: App::shutdown()
#5 {main}
2012-12-07 18:38:44 Error: Fatal Error (64): Only variables can be passed by reference in [C:\xampp\htdocs\Ismael\blog\app\View\Posts\index.ctp, line 55]
2012-12-07 18:38:44 Error: [FatalErrorException] Only variables can be passed by reference
#0 C:\xampp\htdocs\Ismael\blog\lib\Cake\Error\ErrorHandler.php(162): ErrorHandler::handleFatalError(64, 'Only variables ...', 'C:\xampp\htdocs...', 55)
#1 [internal function]: ErrorHandler::handleError(64, 'Only variables ...', 'C:\xampp\htdocs...', 55, Array)
#2 C:\xampp\htdocs\Ismael\blog\lib\Cake\Core\App.php(926): call_user_func('ErrorHandler::h...', 64, 'Only variables ...', 'C:\xampp\htdocs...', 55, Array)
#3 C:\xampp\htdocs\Ismael\blog\lib\Cake\Core\App.php(899): App::_checkFatalError()
#4 [internal function]: App::shutdown()
#5 {main}
2012-12-07 18:54:07 Error: Fatal Error (4): syntax error, unexpected ')', expecting ',' or ';' in [C:\xampp\htdocs\Ismael\blog\app\View\Posts\index.ctp, line 67]
2012-12-07 18:54:07 Error: [FatalErrorException] syntax error, unexpected ')', expecting ',' or ';'
#0 C:\xampp\htdocs\Ismael\blog\lib\Cake\Error\ErrorHandler.php(162): ErrorHandler::handleFatalError(4, 'syntax error, u...', 'C:\xampp\htdocs...', 67)
#1 [internal function]: ErrorHandler::handleError(4, 'syntax error, u...', 'C:\xampp\htdocs...', 67, Array)
#2 C:\xampp\htdocs\Ismael\blog\lib\Cake\Core\App.php(926): call_user_func('ErrorHandler::h...', 4, 'syntax error, u...', 'C:\xampp\htdocs...', 67, Array)
#3 C:\xampp\htdocs\Ismael\blog\lib\Cake\Core\App.php(899): App::_checkFatalError()
#4 [internal function]: App::shutdown()
#5 {main}
2012-12-07 18:54:09 Error: Fatal Error (4): syntax error, unexpected ')', expecting ',' or ';' in [C:\xampp\htdocs\Ismael\blog\app\View\Posts\index.ctp, line 67]
2012-12-07 18:54:09 Error: [FatalErrorException] syntax error, unexpected ')', expecting ',' or ';'
#0 C:\xampp\htdocs\Ismael\blog\lib\Cake\Error\ErrorHandler.php(162): ErrorHandler::handleFatalError(4, 'syntax error, u...', 'C:\xampp\htdocs...', 67)
#1 [internal function]: ErrorHandler::handleError(4, 'syntax error, u...', 'C:\xampp\htdocs...', 67, Array)
#2 C:\xampp\htdocs\Ismael\blog\lib\Cake\Core\App.php(926): call_user_func('ErrorHandler::h...', 4, 'syntax error, u...', 'C:\xampp\htdocs...', 67, Array)
#3 C:\xampp\htdocs\Ismael\blog\lib\Cake\Core\App.php(899): App::_checkFatalError()
#4 [internal function]: App::shutdown()
#5 {main}
